

Started GET "/" for 127.0.0.1 at Sat Mar 05 14:43:43 +0530 2011

NameError (uninitialized constant ActionView::LookupContext::FileSystemResolver):
  



Started GET "/" for 127.0.0.1 at Sat Mar 05 14:43:44 +0530 2011

ArgumentError (wrong number of arguments (2 for 0)):
  



Started GET "/" for 127.0.0.1 at Sat Mar 05 14:43:44 +0530 2011

ArgumentError (wrong number of arguments (2 for 0)):
  



Started GET "/" for 127.0.0.1 at Sat Mar 05 14:43:44 +0530 2011

ArgumentError (wrong number of arguments (2 for 0)):
  



Started GET "/" for 127.0.0.1 at Sat Mar 05 14:43:44 +0530 2011

ArgumentError (wrong number of arguments (2 for 0)):
  



Started GET "/" for 127.0.0.1 at Sat Mar 05 14:43:44 +0530 2011

ArgumentError (wrong number of arguments (2 for 0)):
  



Started GET "/" for 127.0.0.1 at Sat Mar 05 14:45:21 +0530 2011
  Processing by TaskItemsController#index as HTML
Completed   in 1ms


Started GET "/users/sign_in" for 127.0.0.1 at Sat Mar 05 14:45:21 +0530 2011
  Processing by Devise::SessionsController#new as HTML
Rendered devise/shared/_links.erb (70.8ms)
Rendered devise/sessions/new.html.erb within layouts/application (82.3ms)
Completed 200 OK in 117ms (Views: 89.4ms | ActiveRecord: 0.0ms)


Started GET "/users/sign_up" for 127.0.0.1 at Sat Mar 05 14:45:28 +0530 2011
  Processing by Devise::RegistrationsController#new as HTML
Rendered devise/shared/_links.erb (2.0ms)
Rendered devise/registrations/new.html.erb within layouts/application (21.7ms)
Completed 200 OK in 42ms (Views: 28.4ms | ActiveRecord: 0.0ms)


Started POST "/users" for 127.0.0.1 at Sat Mar 05 14:47:10 +0530 2011
  Processing by Devise::RegistrationsController#create as HTML
  Parameters: {"commit"=>"Sign up", "authenticity_token"=>"pp88xBufv0/nSRqYLjF9Q0Tmlbsf0Vb7LlNk79Pq/T8=", "utf8"=>"✓", "user"=>{"name"=>"vishal", "password_confirmation"=>"[FILTERED]", "password"=>"[FILTERED]", "email"=>"vishal.singh030@gmail.com"}}
WARNING: Can't mass-assign protected attributes: name
  [1m[36mSQL (0.3ms)[0m  [1m SELECT name
 FROM sqlite_master
 WHERE type = 'table' AND NOT name = 'sqlite_sequence'
[0m
  [1m[35mUser Load (0.1ms)[0m  SELECT "users"."id" FROM "users" WHERE (LOWER("users"."email") = LOWER('vishal.singh030@gmail.com')) LIMIT 1
  [1m[36mAREL (0.5ms)[0m  [1mINSERT INTO "users" ("created_at", "current_sign_in_ip", "reset_password_token", "encrypted_password", "updated_at", "remember_token", "sign_in_count", "last_sign_in_at", "last_sign_in_ip", "remember_created_at", "current_sign_in_at", "password_salt", "name", "email") VALUES ('2011-03-05 09:17:10.307280', NULL, NULL, '$2a$10$qbqBgmmDcNjbhxb3FgDAvuG6gC4Gp2woJg6T0.ESqbl0XPt3tZUtO', '2011-03-05 09:17:10.307280', NULL, 0, NULL, NULL, NULL, NULL, '$2a$10$qbqBgmmDcNjbhxb3FgDAvu', NULL, 'vishal.singh030@gmail.com')[0m
  [1m[35mAREL (0.3ms)[0m  UPDATE "users" SET "current_sign_in_ip" = '127.0.0.1', "updated_at" = '2011-03-05 09:17:10.401385', "sign_in_count" = 1, "last_sign_in_at" = '2011-03-05 09:17:10.400460', "last_sign_in_ip" = '127.0.0.1', "current_sign_in_at" = '2011-03-05 09:17:10.400460' WHERE "users"."id" = 2
Redirected to http://localhost:3000/
Completed 302 Found in 374ms


Started GET "/" for 127.0.0.1 at Sat Mar 05 14:47:10 +0530 2011
  Processing by TaskItemsController#index as HTML
  [1m[36mUser Load (0.3ms)[0m  [1mSELECT "users".* FROM "users" WHERE "users"."id" = 2 LIMIT 1[0m
  [1m[35mTaskItem Load (0.2ms)[0m  SELECT "task_items".* FROM "task_items" WHERE ("task_items".user_id = 2)
Rendered task_items/index.html.erb within layouts/application (6.8ms)
Completed 200 OK in 48ms (Views: 13.1ms | ActiveRecord: 0.5ms)


Started GET "/task_items/new" for 127.0.0.1 at Sat Mar 05 14:47:13 +0530 2011
  Processing by TaskItemsController#new as HTML
  [1m[36mUser Load (0.4ms)[0m  [1mSELECT "users".* FROM "users" WHERE "users"."id" = 2 LIMIT 1[0m
Rendered task_items/_form.html.erb (19.8ms)
Rendered task_items/new.html.erb within layouts/application (25.7ms)
Completed 200 OK in 62ms (Views: 32.0ms | ActiveRecord: 0.4ms)


Started POST "/task_items" for 127.0.0.1 at Sat Mar 05 14:59:44 +0530 2011
  Processing by TaskItemsController#create as HTML
  Parameters: {"commit"=>"Create Task item", "task_item"=>{"start_date(1i)"=>"2011", "end_date(3i)"=>"5", "start_date(2i)"=>"3", "title"=>"", "start_date(3i)"=>"5", "priority"=>"", "user_id"=>"2", "total_hours_of_work"=>"", "summary"=>"", "end_date(1i)"=>"2011", "status"=>"", "end_date(2i)"=>"3"}, "authenticity_token"=>"pp88xBufv0/nSRqYLjF9Q0Tmlbsf0Vb7LlNk79Pq/T8=", "utf8"=>"✓"}
Completed   in 1ms


Started GET "/users/sign_in" for 127.0.0.1 at Sat Mar 05 14:59:44 +0530 2011
  Processing by Devise::SessionsController#new as HTML
Rendered devise/shared/_links.erb (2.2ms)
Rendered devise/sessions/new.html.erb within layouts/application (69.1ms)
Completed 200 OK in 101ms (Views: 75.8ms | ActiveRecord: 0.0ms)


Started POST "/users/sign_in" for 127.0.0.1 at Sat Mar 05 15:00:07 +0530 2011
  Processing by Devise::SessionsController#create as HTML
  Parameters: {"commit"=>"Sign in", "authenticity_token"=>"Ni04x+wh537wv7Yhz0VM+MMx2e8pHUn6YstG+eXnAF0=", "utf8"=>"✓", "user"=>{"remember_me"=>"1", "password"=>"[FILTERED]", "email"=>"vishal.singh030@gmail.com"}}
  [1m[36mSQL (0.6ms)[0m  [1m SELECT name
 FROM sqlite_master
 WHERE type = 'table' AND NOT name = 'sqlite_sequence'
[0m
  [1m[35mUser Load (0.3ms)[0m  SELECT "users".* FROM "users" WHERE "users"."email" = 'vishal.singh030@gmail.com' LIMIT 1
  [1m[36mUser Load (0.3ms)[0m  [1mSELECT "users".* FROM "users" WHERE "users"."remember_token" = '11H5J6mJi5XYWj5365Rw' LIMIT 1[0m
  [1m[35mAREL (0.5ms)[0m  UPDATE "users" SET "remember_created_at" = '2011-03-05 09:30:07.252445', "remember_token" = '11H5J6mJi5XYWj5365Rw', "updated_at" = '2011-03-05 09:30:07.252790' WHERE "users"."id" = 2
  [1m[36mAREL (0.4ms)[0m  [1mUPDATE "users" SET "current_sign_in_at" = '2011-03-05 09:30:07.369346', "sign_in_count" = 2, "updated_at" = '2011-03-05 09:30:07.370680' WHERE "users"."id" = 2[0m
Redirected to http://localhost:3000/
Completed 302 Found in 381ms


Started GET "/" for 127.0.0.1 at Sat Mar 05 15:00:07 +0530 2011
  Processing by TaskItemsController#index as HTML
  [1m[35mUser Load (0.3ms)[0m  SELECT "users".* FROM "users" WHERE "users"."id" = 2 LIMIT 1
  [1m[36mTaskItem Load (0.2ms)[0m  [1mSELECT "task_items".* FROM "task_items" WHERE ("task_items".user_id = 2)[0m
Rendered task_items/index.html.erb within layouts/application (6.5ms)
Completed 200 OK in 42ms (Views: 12.8ms | ActiveRecord: 0.5ms)


Started GET "/task_items/new" for 127.0.0.1 at Sat Mar 05 15:00:12 +0530 2011
  Processing by TaskItemsController#new as HTML
  [1m[35mUser Load (0.3ms)[0m  SELECT "users".* FROM "users" WHERE "users"."id" = 2 LIMIT 1
Rendered task_items/_form.html.erb (20.7ms)
Rendered task_items/new.html.erb within layouts/application (26.7ms)
Completed 200 OK in 65ms (Views: 33.1ms | ActiveRecord: 0.3ms)


Started POST "/task_items" for 127.0.0.1 at Sat Mar 05 15:03:37 +0530 2011
  Processing by TaskItemsController#create as HTML
  Parameters: {"commit"=>"Create Task item", "task_item"=>{"start_date(1i)"=>"2011", "end_date(3i)"=>"5", "start_date(2i)"=>"2", "title"=>"Ruby on rails", "start_date(3i)"=>"5", "priority"=>"high", "user_id"=>"2", "total_hours_of_work"=>"8", "summary"=>"Now my task_management project is complete", "end_date(1i)"=>"2011", "status"=>"good", "end_date(2i)"=>"3"}, "authenticity_token"=>"Ni04x+wh537wv7Yhz0VM+MMx2e8pHUn6YstG+eXnAF0=", "utf8"=>"✓"}
  [1m[36mUser Load (0.3ms)[0m  [1mSELECT "users".* FROM "users" WHERE "users"."id" = 2 LIMIT 1[0m
  [1m[35mAREL (0.3ms)[0m  INSERT INTO "task_items" ("status", "total_hours_of_work", "priority", "updated_at", "start_date", "title", "end_date", "created_at", "summary", "user_id") VALUES ('good', 8, 'high', '2011-03-05 09:33:37.118421', '2011-02-05', 'Ruby on rails', '2011-03-05', '2011-03-05 09:33:37.118421', 'Now my task_management project is complete', 2)
Redirected to http://localhost:3000/task_items/4
Completed 302 Found in 134ms


Started GET "/task_items/4" for 127.0.0.1 at Sat Mar 05 15:03:37 +0530 2011
  Processing by TaskItemsController#show as HTML
  Parameters: {"id"=>"4"}
  [1m[36mUser Load (0.3ms)[0m  [1mSELECT "users".* FROM "users" WHERE "users"."id" = 2 LIMIT 1[0m
  [1m[35mTaskItem Load (0.3ms)[0m  SELECT "task_items".* FROM "task_items" WHERE "task_items"."id" = 4 LIMIT 1
Rendered task_items/show.html.erb within layouts/application (74.1ms)
Completed 200 OK in 110ms (Views: 80.4ms | ActiveRecord: 0.6ms)


Started GET "/task_items" for 127.0.0.1 at Sat Mar 05 15:03:45 +0530 2011
  Processing by TaskItemsController#index as HTML
  [1m[36mUser Load (0.3ms)[0m  [1mSELECT "users".* FROM "users" WHERE "users"."id" = 2 LIMIT 1[0m
  [1m[35mTaskItem Load (0.3ms)[0m  SELECT "task_items".* FROM "task_items" WHERE ("task_items".user_id = 2)
Rendered task_items/index.html.erb within layouts/application (15.7ms)
Completed 200 OK in 54ms (Views: 21.8ms | ActiveRecord: 0.6ms)


Started GET "/users/2" for 127.0.0.1 at Sat Mar 05 15:03:51 +0530 2011

AbstractController::ActionNotFound (The action 'show' could not be found for UsersController):
  

Rendered /usr/lib/ruby/gems/1.8/gems/actionpack-3.0.5/lib/action_dispatch/middleware/templates/rescues/unknown_action.erb within rescues/layout (0.7ms)


Started GET "/task_items" for 127.0.0.1 at Sat Mar 05 15:03:59 +0530 2011
  Processing by TaskItemsController#index as HTML
  [1m[36mUser Load (0.4ms)[0m  [1mSELECT "users".* FROM "users" WHERE "users"."id" = 2 LIMIT 1[0m
  [1m[35mTaskItem Load (0.3ms)[0m  SELECT "task_items".* FROM "task_items" WHERE ("task_items".user_id = 2)
Rendered task_items/index.html.erb within layouts/application (15.6ms)
Completed 200 OK in 51ms (Views: 21.8ms | ActiveRecord: 0.7ms)


Started GET "/task_items" for 127.0.0.1 at Sat Mar 05 15:04:00 +0530 2011
  Processing by TaskItemsController#index as HTML
  [1m[36mUser Load (0.3ms)[0m  [1mSELECT "users".* FROM "users" WHERE "users"."id" = 2 LIMIT 1[0m
  [1m[35mTaskItem Load (0.4ms)[0m  SELECT "task_items".* FROM "task_items" WHERE ("task_items".user_id = 2)
Rendered task_items/index.html.erb within layouts/application (15.8ms)
Completed 200 OK in 54ms (Views: 22.1ms | ActiveRecord: 0.6ms)


Started GET "/task_items" for 127.0.0.1 at Sat Mar 05 15:04:00 +0530 2011
  Processing by TaskItemsController#index as HTML
  [1m[36mUser Load (0.3ms)[0m  [1mSELECT "users".* FROM "users" WHERE "users"."id" = 2 LIMIT 1[0m
  [1m[35mTaskItem Load (0.3ms)[0m  SELECT "task_items".* FROM "task_items" WHERE ("task_items".user_id = 2)
Rendered task_items/index.html.erb within layouts/application (15.1ms)
Completed 200 OK in 50ms (Views: 21.0ms | ActiveRecord: 0.6ms)


Started GET "/users/2" for 127.0.0.1 at Sat Mar 05 15:04:02 +0530 2011

AbstractController::ActionNotFound (The action 'show' could not be found for UsersController):
  

Rendered /usr/lib/ruby/gems/1.8/gems/actionpack-3.0.5/lib/action_dispatch/middleware/templates/rescues/unknown_action.erb within rescues/layout (0.7ms)


Started GET "/users/sign_out" for 127.0.0.1 at Sat Mar 05 15:04:14 +0530 2011
  Processing by Devise::SessionsController#destroy as HTML
  [1m[36mUser Load (0.3ms)[0m  [1mSELECT "users".* FROM "users" WHERE "users"."id" = 2 LIMIT 1[0m
  [1m[35mAREL (0.3ms)[0m  UPDATE "users" SET "remember_token" = NULL, "updated_at" = '2011-03-05 09:34:14.637849', "remember_created_at" = NULL WHERE "users"."id" = 2
Redirected to http://localhost:3000/
Completed 302 Found in 120ms


Started GET "/" for 127.0.0.1 at Sat Mar 05 15:04:14 +0530 2011
  Processing by TaskItemsController#index as HTML
Completed   in 11ms


Started GET "/users/sign_in" for 127.0.0.1 at Sat Mar 05 15:04:14 +0530 2011
  Processing by Devise::SessionsController#new as HTML
Rendered devise/shared/_links.erb (2.0ms)
Rendered devise/sessions/new.html.erb within layouts/application (11.9ms)
Completed 200 OK in 38ms (Views: 18.2ms | ActiveRecord: 0.0ms)


Started POST "/users/sign_in" for 127.0.0.1 at Sat Mar 05 15:04:41 +0530 2011
  Processing by Devise::SessionsController#create as HTML
  Parameters: {"commit"=>"Sign in", "authenticity_token"=>"Ni04x+wh537wv7Yhz0VM+MMx2e8pHUn6YstG+eXnAF0=", "utf8"=>"✓", "user"=>{"remember_me"=>"1", "password"=>"[FILTERED]", "email"=>"vishal.singh030@gmail.com"}}
  [1m[36mUser Load (0.3ms)[0m  [1mSELECT "users".* FROM "users" WHERE "users"."email" = 'vishal.singh030@gmail.com' LIMIT 1[0m
  [1m[35mUser Load (0.3ms)[0m  SELECT "users".* FROM "users" WHERE "users"."remember_token" = 'qiImiWIIJWNA0RIQsRI1' LIMIT 1
  [1m[36mAREL (0.3ms)[0m  [1mUPDATE "users" SET "remember_token" = 'qiImiWIIJWNA0RIQsRI1', "updated_at" = '2011-03-05 09:34:41.568504', "remember_created_at" = '2011-03-05 09:34:41.568122' WHERE "users"."id" = 2[0m
  [1m[35mAREL (0.4ms)[0m  UPDATE "users" SET "current_sign_in_at" = '2011-03-05 09:34:41.661680', "updated_at" = '2011-03-05 09:34:41.663179', "last_sign_in_at" = '2011-03-05 09:30:07.369346', "sign_in_count" = 3 WHERE "users"."id" = 2
Redirected to http://localhost:3000/
Completed 302 Found in 314ms


Started GET "/" for 127.0.0.1 at Sat Mar 05 15:04:41 +0530 2011
  Processing by TaskItemsController#index as HTML
  [1m[36mUser Load (0.3ms)[0m  [1mSELECT "users".* FROM "users" WHERE "users"."id" = 2 LIMIT 1[0m
  [1m[35mTaskItem Load (0.3ms)[0m  SELECT "task_items".* FROM "task_items" WHERE ("task_items".user_id = 2)
Rendered task_items/index.html.erb within layouts/application (15.0ms)
Completed 200 OK in 51ms (Views: 21.0ms | ActiveRecord: 0.6ms)


Started GET "/task_items/4" for 127.0.0.1 at Sat Mar 05 15:04:50 +0530 2011
  Processing by TaskItemsController#show as HTML
  Parameters: {"id"=>"4"}
  [1m[36mUser Load (0.3ms)[0m  [1mSELECT "users".* FROM "users" WHERE "users"."id" = 2 LIMIT 1[0m
  [1m[35mTaskItem Load (0.3ms)[0m  SELECT "task_items".* FROM "task_items" WHERE "task_items"."id" = 4 LIMIT 1
Rendered task_items/show.html.erb within layouts/application (11.8ms)
Completed 200 OK in 48ms (Views: 18.1ms | ActiveRecord: 0.5ms)


Started GET "/users/2" for 127.0.0.1 at Sat Mar 05 15:04:58 +0530 2011

AbstractController::ActionNotFound (The action 'show' could not be found for UsersController):
  

Rendered /usr/lib/ruby/gems/1.8/gems/actionpack-3.0.5/lib/action_dispatch/middleware/templates/rescues/unknown_action.erb within rescues/layout (0.7ms)


Started GET "/users/2" for 127.0.0.1 at Sat Mar 05 15:05:28 +0530 2011

AbstractController::ActionNotFound (The action 'show' could not be found for UsersController):
  

Rendered /usr/lib/ruby/gems/1.8/gems/actionpack-3.0.5/lib/action_dispatch/middleware/templates/rescues/unknown_action.erb within rescues/layout (0.7ms)


Started GET "/task_items" for 127.0.0.1 at Sat Mar 05 15:09:59 +0530 2011
  Processing by TaskItemsController#index as HTML
  [1m[36mUser Load (0.3ms)[0m  [1mSELECT "users".* FROM "users" WHERE "users"."id" = 2 LIMIT 1[0m
  [1m[35mTaskItem Load (0.3ms)[0m  SELECT "task_items".* FROM "task_items" WHERE ("task_items".user_id = 2)
Rendered task_items/index.html.erb within layouts/application (15.2ms)
Completed 200 OK in 51ms (Views: 21.2ms | ActiveRecord: 0.6ms)


Started GET "/task_items/4" for 127.0.0.1 at Sat Mar 05 15:10:45 +0530 2011
  Processing by TaskItemsController#show as HTML
  Parameters: {"id"=>"4"}
  [1m[36mUser Load (0.3ms)[0m  [1mSELECT "users".* FROM "users" WHERE "users"."id" = 2 LIMIT 1[0m
  [1m[35mTaskItem Load (0.3ms)[0m  SELECT "task_items".* FROM "task_items" WHERE "task_items"."id" = 4 LIMIT 1
Rendered task_items/show.html.erb within layouts/application (12.3ms)
Completed 200 OK in 48ms (Views: 18.6ms | ActiveRecord: 0.5ms)


Started GET "/users/2" for 127.0.0.1 at Sat Mar 05 15:12:12 +0530 2011
  Processing by UsersController#show as HTML
  Parameters: {"id"=>"2"}
  [1m[36mUser Load (0.4ms)[0m  [1mSELECT "users".* FROM "users" WHERE "users"."id" = 2 LIMIT 1[0m
Rendered users/show.html.erb within layouts/application (4.0ms)
Completed 200 OK in 35ms (Views: 10.4ms | ActiveRecord: 0.4ms)


Started GET "/users/2" for 127.0.0.1 at Sat Mar 05 15:12:19 +0530 2011
  Processing by UsersController#show as HTML
  Parameters: {"id"=>"2"}
  [1m[35mUser Load (0.3ms)[0m  SELECT "users".* FROM "users" WHERE "users"."id" = 2 LIMIT 1
Rendered users/show.html.erb within layouts/application (3.9ms)
Completed 200 OK in 33ms (Views: 10.0ms | ActiveRecord: 0.3ms)


Started GET "/users/2" for 127.0.0.1 at Sat Mar 05 15:13:13 +0530 2011
  Processing by UsersController#show as HTML
  Parameters: {"id"=>"2"}
  [1m[36mUser Load (0.3ms)[0m  [1mSELECT "users".* FROM "users" WHERE "users"."id" = 2 LIMIT 1[0m
Rendered users/show.html.erb within layouts/application (61.5ms)
Completed 200 OK in 96ms (Views: 67.7ms | ActiveRecord: 0.3ms)


Started GET "/users/2" for 127.0.0.1 at Sat Mar 05 15:13:54 +0530 2011
  Processing by UsersController#show as HTML
  Parameters: {"id"=>"2"}
  [1m[35mUser Load (0.3ms)[0m  SELECT "users".* FROM "users" WHERE "users"."id" = 2 LIMIT 1
  [1m[36mTaskItem Load (0.3ms)[0m  [1mSELECT "task_items".* FROM "task_items" WHERE ("task_items".user_id = 2)[0m
Rendered users/show.html.erb within layouts/application (12.3ms)
Completed 200 OK in 50ms (Views: 18.3ms | ActiveRecord: 0.7ms)


Started GET "/users/2" for 127.0.0.1 at Sat Mar 05 15:14:29 +0530 2011
  Processing by UsersController#show as HTML
  Parameters: {"id"=>"2"}
  [1m[35mUser Load (0.3ms)[0m  SELECT "users".* FROM "users" WHERE "users"."id" = 2 LIMIT 1
Rendered users/show.html.erb within layouts/application (3.9ms)
Completed 200 OK in 32ms (Views: 10.1ms | ActiveRecord: 0.3ms)


Started GET "/users/2" for 127.0.0.1 at Sat Mar 05 15:14:40 +0530 2011
  Processing by UsersController#show as HTML
  Parameters: {"id"=>"2"}
  [1m[36mUser Load (0.3ms)[0m  [1mSELECT "users".* FROM "users" WHERE "users"."id" = 2 LIMIT 1[0m
Rendered users/show.html.erb within layouts/application (4.4ms)
Completed 200 OK in 96ms (Views: 11.0ms | ActiveRecord: 0.3ms)


Started GET "/users/2" for 127.0.0.1 at Sat Mar 05 15:14:51 +0530 2011
  Processing by UsersController#show as HTML
  Parameters: {"id"=>"2"}
  [1m[35mUser Load (0.3ms)[0m  SELECT "users".* FROM "users" WHERE "users"."id" = 2 LIMIT 1
Rendered users/show.html.erb within layouts/application (4.1ms)
Completed 200 OK in 34ms (Views: 10.4ms | ActiveRecord: 0.3ms)


Started GET "/users/2" for 127.0.0.1 at Sat Mar 05 15:15:09 +0530 2011
  Processing by UsersController#show as HTML
  Parameters: {"id"=>"2"}
  [1m[36mUser Load (0.3ms)[0m  [1mSELECT "users".* FROM "users" WHERE "users"."id" = 2 LIMIT 1[0m
Rendered users/show.html.erb within layouts/application (4.1ms)
Completed 200 OK in 33ms (Views: 10.4ms | ActiveRecord: 0.3ms)


Started GET "/users/2" for 127.0.0.1 at Sat Mar 05 15:16:17 +0530 2011
  Processing by UsersController#show as HTML
  Parameters: {"id"=>"2"}
  [1m[35mUser Load (0.4ms)[0m  SELECT "users".* FROM "users" WHERE "users"."id" = 2 LIMIT 1
Rendered users/show.html.erb within layouts/application (3.9ms)
Completed 200 OK in 32ms (Views: 10.1ms | ActiveRecord: 0.4ms)


Started GET "/users/2" for 127.0.0.1 at Sat Mar 05 15:16:44 +0530 2011
  Processing by UsersController#show as HTML
  Parameters: {"id"=>"2"}
  [1m[36mUser Load (0.3ms)[0m  [1mSELECT "users".* FROM "users" WHERE "users"."id" = 2 LIMIT 1[0m
Rendered users/show.html.erb within layouts/application (4.1ms)
Completed 200 OK in 35ms (Views: 10.5ms | ActiveRecord: 0.3ms)


Started GET "/users/2" for 127.0.0.1 at Sat Mar 05 15:17:02 +0530 2011
  Processing by UsersController#show as HTML
  Parameters: {"id"=>"2"}
  [1m[35mUser Load (0.3ms)[0m  SELECT "users".* FROM "users" WHERE "users"."id" = 2 LIMIT 1
Rendered users/show.html.erb within layouts/application (4.1ms)
Completed 200 OK in 33ms (Views: 10.3ms | ActiveRecord: 0.3ms)


Started GET "/users/2" for 127.0.0.1 at Sat Mar 05 15:17:12 +0530 2011
  Processing by UsersController#show as HTML
  Parameters: {"id"=>"2"}
  [1m[36mUser Load (0.3ms)[0m  [1mSELECT "users".* FROM "users" WHERE "users"."id" = 2 LIMIT 1[0m
Rendered users/show.html.erb within layouts/application (4.0ms)
Completed 200 OK in 32ms (Views: 10.1ms | ActiveRecord: 0.3ms)


Started GET "/users/2" for 127.0.0.1 at Sat Mar 05 15:17:29 +0530 2011
  Processing by UsersController#show as HTML
  Parameters: {"id"=>"2"}
  [1m[35mUser Load (0.3ms)[0m  SELECT "users".* FROM "users" WHERE "users"."id" = 2 LIMIT 1
Rendered users/show.html.erb within layouts/application (4.1ms)
Completed 200 OK in 35ms (Views: 10.6ms | ActiveRecord: 0.3ms)


Started GET "/users/2" for 127.0.0.1 at Sat Mar 05 15:17:39 +0530 2011
  Processing by UsersController#show as HTML
  Parameters: {"id"=>"2"}
  [1m[36mUser Load (0.3ms)[0m  [1mSELECT "users".* FROM "users" WHERE "users"."id" = 2 LIMIT 1[0m
Rendered users/show.html.erb within layouts/application (4.0ms)
Completed 200 OK in 33ms (Views: 10.1ms | ActiveRecord: 0.3ms)


Started GET "/users/2" for 127.0.0.1 at Sat Mar 05 15:19:12 +0530 2011
  Processing by UsersController#show as HTML
  Parameters: {"id"=>"2"}
  [1m[35mUser Load (0.3ms)[0m  SELECT "users".* FROM "users" WHERE "users"."id" = 2 LIMIT 1
Rendered users/show.html.erb within layouts/application (4.0ms)
Completed 200 OK in 32ms (Views: 10.1ms | ActiveRecord: 0.3ms)


Started GET "/users/2" for 127.0.0.1 at Sat Mar 05 15:19:40 +0530 2011
  Processing by UsersController#show as HTML
  Parameters: {"id"=>"2"}
  [1m[36mUser Load (0.3ms)[0m  [1mSELECT "users".* FROM "users" WHERE "users"."id" = 2 LIMIT 1[0m
Rendered users/show.html.erb within layouts/application (4.3ms)
Completed 200 OK in 35ms (Views: 10.7ms | ActiveRecord: 0.3ms)


Started GET "/users/2" for 127.0.0.1 at Sat Mar 05 15:20:13 +0530 2011
  Processing by UsersController#show as HTML
  Parameters: {"id"=>"2"}
  [1m[35mUser Load (0.3ms)[0m  SELECT "users".* FROM "users" WHERE "users"."id" = 2 LIMIT 1
Rendered users/show.html.erb within layouts/application (4.1ms)
Completed 200 OK in 33ms (Views: 10.3ms | ActiveRecord: 0.3ms)


Started GET "/users/2" for 127.0.0.1 at Sat Mar 05 15:20:13 +0530 2011
  Processing by UsersController#show as HTML
  Parameters: {"id"=>"2"}
  [1m[36mUser Load (0.3ms)[0m  [1mSELECT "users".* FROM "users" WHERE "users"."id" = 2 LIMIT 1[0m
Rendered users/show.html.erb within layouts/application (4.0ms)
Completed 200 OK in 32ms (Views: 10.1ms | ActiveRecord: 0.3ms)


Started GET "/users/2" for 127.0.0.1 at Sat Mar 05 15:20:48 +0530 2011
  Processing by UsersController#show as HTML
  Parameters: {"id"=>"2"}
  [1m[35mUser Load (0.3ms)[0m  SELECT "users".* FROM "users" WHERE "users"."id" = 2 LIMIT 1
Rendered users/show.html.erb within layouts/application (4.4ms)
Completed 200 OK in 36ms (Views: 10.9ms | ActiveRecord: 0.3ms)


Started GET "/users/2" for 127.0.0.1 at Sat Mar 05 15:21:35 +0530 2011
  Processing by UsersController#show as HTML
  Parameters: {"id"=>"2"}
  [1m[36mUser Load (0.3ms)[0m  [1mSELECT "users".* FROM "users" WHERE "users"."id" = 2 LIMIT 1[0m
Rendered users/show.html.erb within layouts/application (4.1ms)
Completed 200 OK in 34ms (Views: 10.3ms | ActiveRecord: 0.3ms)


Started GET "/users/2" for 127.0.0.1 at Sat Mar 05 15:21:36 +0530 2011
  Processing by UsersController#show as HTML
  Parameters: {"id"=>"2"}
  [1m[35mUser Load (0.3ms)[0m  SELECT "users".* FROM "users" WHERE "users"."id" = 2 LIMIT 1
Rendered users/show.html.erb within layouts/application (4.0ms)
Completed 200 OK in 32ms (Views: 10.1ms | ActiveRecord: 0.3ms)


Started GET "/users/2" for 127.0.0.1 at Sat Mar 05 15:22:38 +0530 2011
  Processing by UsersController#show as HTML
  Parameters: {"id"=>"2"}
  [1m[36mUser Load (0.3ms)[0m  [1mSELECT "users".* FROM "users" WHERE "users"."id" = 2 LIMIT 1[0m
Rendered users/show.html.erb within layouts/application (4.4ms)
Completed 200 OK in 98ms (Views: 11.2ms | ActiveRecord: 0.3ms)


Started GET "/users/2" for 127.0.0.1 at Sat Mar 05 15:22:57 +0530 2011
  Processing by UsersController#show as HTML
  Parameters: {"id"=>"2"}
  [1m[35mUser Load (0.3ms)[0m  SELECT "users".* FROM "users" WHERE "users"."id" = 2 LIMIT 1
Rendered users/show.html.erb within layouts/application (4.1ms)
Completed 200 OK in 33ms (Views: 10.3ms | ActiveRecord: 0.3ms)


Started GET "/users/2" for 127.0.0.1 at Sat Mar 05 15:23:02 +0530 2011
  Processing by UsersController#show as HTML
  Parameters: {"id"=>"2"}
  [1m[36mUser Load (0.3ms)[0m  [1mSELECT "users".* FROM "users" WHERE "users"."id" = 2 LIMIT 1[0m
Rendered users/show.html.erb within layouts/application (4.0ms)
Completed 200 OK in 33ms (Views: 10.2ms | ActiveRecord: 0.3ms)


Started GET "/users/2" for 127.0.0.1 at Sat Mar 05 15:24:23 +0530 2011
  Processing by UsersController#show as HTML
  Parameters: {"id"=>"2"}
  [1m[35mUser Load (0.3ms)[0m  SELECT "users".* FROM "users" WHERE "users"."id" = 2 LIMIT 1
Rendered users/show.html.erb within layouts/application (4.8ms)
Completed 200 OK in 96ms (Views: 11.5ms | ActiveRecord: 0.3ms)


Started GET "/task_items" for 127.0.0.1 at Sat Mar 05 15:24:25 +0530 2011
  Processing by TaskItemsController#index as HTML
  [1m[36mUser Load (0.4ms)[0m  [1mSELECT "users".* FROM "users" WHERE "users"."id" = 2 LIMIT 1[0m
  [1m[35mTaskItem Load (0.3ms)[0m  SELECT "task_items".* FROM "task_items" WHERE ("task_items".user_id = 2)
Rendered task_items/index.html.erb within layouts/application (15.8ms)
Completed 200 OK in 53ms (Views: 21.9ms | ActiveRecord: 0.7ms)


Started GET "/users/2" for 127.0.0.1 at Sat Mar 05 15:24:28 +0530 2011
  Processing by UsersController#show as HTML
  Parameters: {"id"=>"2"}
  [1m[36mUser Load (0.3ms)[0m  [1mSELECT "users".* FROM "users" WHERE "users"."id" = 2 LIMIT 1[0m
Rendered users/show.html.erb within layouts/application (4.4ms)
Completed 200 OK in 33ms (Views: 10.6ms | ActiveRecord: 0.3ms)


Started GET "/users/2" for 127.0.0.1 at Sat Mar 05 15:24:42 +0530 2011
  Processing by UsersController#show as HTML
  Parameters: {"id"=>"2"}
  [1m[35mUser Load (0.3ms)[0m  SELECT "users".* FROM "users" WHERE "users"."id" = 2 LIMIT 1
Rendered users/show.html.erb within layouts/application (4.9ms)
Completed 200 OK in 98ms (Views: 11.5ms | ActiveRecord: 0.3ms)


Started GET "/users/2" for 127.0.0.1 at Sat Mar 05 15:25:29 +0530 2011
  Processing by UsersController#show as HTML
  Parameters: {"id"=>"2"}
  [1m[36mUser Load (0.4ms)[0m  [1mSELECT "users".* FROM "users" WHERE "users"."id" = 2 LIMIT 1[0m
Rendered users/show.html.erb within layouts/application (4.5ms)
Completed 200 OK in 34ms (Views: 10.7ms | ActiveRecord: 0.4ms)


Started GET "/users/2" for 127.0.0.1 at Sat Mar 05 15:26:53 +0530 2011
  Processing by UsersController#show as HTML
  Parameters: {"id"=>"2"}
  [1m[35mUser Load (0.3ms)[0m  SELECT "users".* FROM "users" WHERE "users"."id" = 2 LIMIT 1
Rendered users/show.html.erb within layouts/application (4.4ms)
Completed 200 OK in 33ms (Views: 10.6ms | ActiveRecord: 0.3ms)


Started GET "/users/2" for 127.0.0.1 at Sat Mar 05 15:27:11 +0530 2011
  Processing by UsersController#show as HTML
  Parameters: {"id"=>"2"}
  [1m[36mUser Load (0.3ms)[0m  [1mSELECT "users".* FROM "users" WHERE "users"."id" = 2 LIMIT 1[0m
Rendered users/show.html.erb within layouts/application (4.9ms)
Completed 200 OK in 98ms (Views: 11.6ms | ActiveRecord: 0.3ms)


Started GET "/users/2" for 127.0.0.1 at Sat Mar 05 15:27:31 +0530 2011
  Processing by UsersController#show as HTML
  Parameters: {"id"=>"2"}
  [1m[35mUser Load (0.3ms)[0m  SELECT "users".* FROM "users" WHERE "users"."id" = 2 LIMIT 1
Rendered users/show.html.erb within layouts/application (4.6ms)
Completed 200 OK in 34ms (Views: 10.8ms | ActiveRecord: 0.3ms)


Started GET "/users/2" for 127.0.0.1 at Sat Mar 05 15:27:33 +0530 2011
  Processing by UsersController#show as HTML
  Parameters: {"id"=>"2"}
  [1m[36mUser Load (0.3ms)[0m  [1mSELECT "users".* FROM "users" WHERE "users"."id" = 2 LIMIT 1[0m
Rendered users/show.html.erb within layouts/application (4.4ms)
Completed 200 OK in 33ms (Views: 10.6ms | ActiveRecord: 0.3ms)


Started GET "/task_items" for 127.0.0.1 at Sat Mar 05 15:27:34 +0530 2011
  Processing by TaskItemsController#index as HTML
  [1m[35mUser Load (0.3ms)[0m  SELECT "users".* FROM "users" WHERE "users"."id" = 2 LIMIT 1
  [1m[36mTaskItem Load (0.3ms)[0m  [1mSELECT "task_items".* FROM "task_items" WHERE ("task_items".user_id = 2)[0m
Rendered task_items/index.html.erb within layouts/application (16.5ms)
Completed 200 OK in 115ms (Views: 23.0ms | ActiveRecord: 0.6ms)


Started GET "/task_items/4" for 127.0.0.1 at Sat Mar 05 15:27:37 +0530 2011
  Processing by TaskItemsController#show as HTML
  Parameters: {"id"=>"4"}
  [1m[35mUser Load (0.4ms)[0m  SELECT "users".* FROM "users" WHERE "users"."id" = 2 LIMIT 1
  [1m[36mTaskItem Load (0.3ms)[0m  [1mSELECT "task_items".* FROM "task_items" WHERE "task_items"."id" = 4 LIMIT 1[0m
Rendered task_items/show.html.erb within layouts/application (12.3ms)
Completed 200 OK in 50ms (Views: 18.6ms | ActiveRecord: 0.6ms)


Started GET "/users/2" for 127.0.0.1 at Sat Mar 05 15:27:40 +0530 2011
  Processing by UsersController#show as HTML
  Parameters: {"id"=>"2"}
  [1m[35mUser Load (0.3ms)[0m  SELECT "users".* FROM "users" WHERE "users"."id" = 2 LIMIT 1
Rendered users/show.html.erb within layouts/application (4.4ms)
Completed 200 OK in 32ms (Views: 10.5ms | ActiveRecord: 0.3ms)


Started GET "/task_items" for 127.0.0.1 at Sat Mar 05 15:27:44 +0530 2011
  Processing by TaskItemsController#index as HTML
  [1m[36mUser Load (0.3ms)[0m  [1mSELECT "users".* FROM "users" WHERE "users"."id" = 2 LIMIT 1[0m
  [1m[35mTaskItem Load (0.3ms)[0m  SELECT "task_items".* FROM "task_items" WHERE ("task_items".user_id = 2)
Rendered task_items/index.html.erb within layouts/application (16.4ms)
Completed 200 OK in 55ms (Views: 22.5ms | ActiveRecord: 0.6ms)


Started GET "/task_items/new" for 127.0.0.1 at Sat Mar 05 15:27:46 +0530 2011
  Processing by TaskItemsController#new as HTML
  [1m[36mUser Load (0.3ms)[0m  [1mSELECT "users".* FROM "users" WHERE "users"."id" = 2 LIMIT 1[0m
Rendered task_items/_form.html.erb (19.5ms)
Rendered task_items/new.html.erb within layouts/application (25.3ms)
Completed 200 OK in 61ms (Views: 31.5ms | ActiveRecord: 0.3ms)


Started POST "/task_items" for 127.0.0.1 at Sat Mar 05 15:30:04 +0530 2011
  Processing by TaskItemsController#create as HTML
  Parameters: {"commit"=>"Create Task item", "task_item"=>{"start_date(1i)"=>"2011", "end_date(3i)"=>"1", "start_date(2i)"=>"3", "title"=>"The very new task by Vinay.", "start_date(3i)"=>"1", "priority"=>"medium", "user_id"=>"2", "total_hours_of_work"=>"75", "summary"=>"Yeah! tell me anything that you want me to do. really? No! right now I don't have anything for you. So come tomorrow!. What do you think that I am free for you always. Yeah I believe that it is. Okay then I am not coming tomorrow do whatever u want to do. Its totally your wish. Okay Gud bbye. Hey wait wait I was just kidding. Please take this. and do your work. bbye.", "end_date(1i)"=>"2011", "status"=>"12%", "end_date(2i)"=>"4"}, "authenticity_token"=>"Ni04x+wh537wv7Yhz0VM+MMx2e8pHUn6YstG+eXnAF0=", "utf8"=>"✓"}
  [1m[35mUser Load (0.3ms)[0m  SELECT "users".* FROM "users" WHERE "users"."id" = 2 LIMIT 1
  [1m[36mAREL (0.3ms)[0m  [1mINSERT INTO "task_items" ("total_hours_of_work", "start_date", "status", "summary", "title", "end_date", "user_id", "priority", "created_at", "updated_at") VALUES (75, '2011-03-01', '12%', 'Yeah! tell me anything that you want me to do. really? No! right now I don''t have anything for you. So come tomorrow!. What do you think that I am free for you always. Yeah I believe that it is. Okay then I am not coming tomorrow do whatever u want to do. Its totally your wish. Okay Gud bbye. Hey wait wait I was just kidding. Please take this. and do your work. bbye.', 'The very new task by Vinay.', '2011-04-01', 2, 'medium', '2011-03-05 10:00:04.797105', '2011-03-05 10:00:04.797105')[0m
Redirected to http://localhost:3000/task_items/5
Completed 302 Found in 213ms


Started GET "/task_items/5" for 127.0.0.1 at Sat Mar 05 15:30:04 +0530 2011
  Processing by TaskItemsController#show as HTML
  Parameters: {"id"=>"5"}
  [1m[35mUser Load (0.3ms)[0m  SELECT "users".* FROM "users" WHERE "users"."id" = 2 LIMIT 1
  [1m[36mTaskItem Load (0.3ms)[0m  [1mSELECT "task_items".* FROM "task_items" WHERE "task_items"."id" = 5 LIMIT 1[0m
Rendered task_items/show.html.erb within layouts/application (12.3ms)
Completed 200 OK in 50ms (Views: 18.7ms | ActiveRecord: 0.5ms)


Started GET "/users/2" for 127.0.0.1 at Sat Mar 05 15:30:13 +0530 2011
  Processing by UsersController#show as HTML
  Parameters: {"id"=>"2"}
  [1m[35mUser Load (0.3ms)[0m  SELECT "users".* FROM "users" WHERE "users"."id" = 2 LIMIT 1
Rendered users/show.html.erb within layouts/application (4.4ms)
Completed 200 OK in 33ms (Views: 10.5ms | ActiveRecord: 0.3ms)


Started GET "/task_items" for 127.0.0.1 at Sat Mar 05 15:30:15 +0530 2011
  Processing by TaskItemsController#index as HTML
  [1m[36mUser Load (0.3ms)[0m  [1mSELECT "users".* FROM "users" WHERE "users"."id" = 2 LIMIT 1[0m
  [1m[35mTaskItem Load (0.4ms)[0m  SELECT "task_items".* FROM "task_items" WHERE ("task_items".user_id = 2)
Rendered task_items/index.html.erb within layouts/application (19.2ms)
Completed 200 OK in 121ms (Views: 25.4ms | ActiveRecord: 0.7ms)


Started GET "/task_items/5" for 127.0.0.1 at Sat Mar 05 15:30:38 +0530 2011
  Processing by TaskItemsController#show as HTML
  Parameters: {"id"=>"5"}
  [1m[36mUser Load (0.3ms)[0m  [1mSELECT "users".* FROM "users" WHERE "users"."id" = 2 LIMIT 1[0m
  [1m[35mTaskItem Load (0.3ms)[0m  SELECT "task_items".* FROM "task_items" WHERE "task_items"."id" = 5 LIMIT 1
Rendered task_items/show.html.erb within layouts/application (12.2ms)
Completed 200 OK in 49ms (Views: 18.4ms | ActiveRecord: 0.6ms)


Started GET "/task_items" for 127.0.0.1 at Sat Mar 05 15:31:10 +0530 2011
  Processing by TaskItemsController#index as HTML
  [1m[36mUser Load (0.3ms)[0m  [1mSELECT "users".* FROM "users" WHERE "users"."id" = 2 LIMIT 1[0m
  [1m[35mTaskItem Load (0.4ms)[0m  SELECT "task_items".* FROM "task_items" WHERE ("task_items".user_id = 2)
Rendered task_items/index.html.erb within layouts/application (83.0ms)
Completed 200 OK in 118ms (Views: 88.9ms | ActiveRecord: 0.7ms)


Started GET "/task_items/5" for 127.0.0.1 at Sat Mar 05 15:31:46 +0530 2011
  Processing by TaskItemsController#show as HTML
  Parameters: {"id"=>"5"}
  [1m[36mUser Load (0.3ms)[0m  [1mSELECT "users".* FROM "users" WHERE "users"."id" = 2 LIMIT 1[0m
  [1m[35mTaskItem Load (0.3ms)[0m  SELECT "task_items".* FROM "task_items" WHERE "task_items"."id" = 5 LIMIT 1
Rendered task_items/show.html.erb within layouts/application (12.5ms)
Completed 200 OK in 51ms (Views: 18.8ms | ActiveRecord: 0.6ms)


Started GET "/task_items" for 127.0.0.1 at Sat Mar 05 15:32:25 +0530 2011
  Processing by TaskItemsController#index as HTML
  [1m[36mUser Load (0.3ms)[0m  [1mSELECT "users".* FROM "users" WHERE "users"."id" = 2 LIMIT 1[0m
  [1m[35mTaskItem Load (0.4ms)[0m  SELECT "task_items".* FROM "task_items" WHERE ("task_items".user_id = 2)
Rendered task_items/index.html.erb within layouts/application (17.6ms)
Completed 200 OK in 53ms (Views: 23.4ms | ActiveRecord: 0.7ms)


Started GET "/task_items/5" for 127.0.0.1 at Sat Mar 05 15:32:27 +0530 2011
  Processing by TaskItemsController#show as HTML
  Parameters: {"id"=>"5"}
  [1m[36mUser Load (0.3ms)[0m  [1mSELECT "users".* FROM "users" WHERE "users"."id" = 2 LIMIT 1[0m
  [1m[35mTaskItem Load (0.3ms)[0m  SELECT "task_items".* FROM "task_items" WHERE "task_items"."id" = 5 LIMIT 1
Rendered task_items/show.html.erb within layouts/application (12.2ms)
Completed 200 OK in 51ms (Views: 18.6ms | ActiveRecord: 0.6ms)


Started GET "/task_items/5" for 127.0.0.1 at Sat Mar 05 15:32:32 +0530 2011
  Processing by TaskItemsController#show as HTML
  Parameters: {"id"=>"5"}
  [1m[36mUser Load (0.3ms)[0m  [1mSELECT "users".* FROM "users" WHERE "users"."id" = 2 LIMIT 1[0m
  [1m[35mTaskItem Load (0.3ms)[0m  SELECT "task_items".* FROM "task_items" WHERE "task_items"."id" = 5 LIMIT 1
Rendered task_items/show.html.erb within layouts/application (12.2ms)
Completed 200 OK in 49ms (Views: 18.6ms | ActiveRecord: 0.6ms)


Started GET "/task_items/4" for 127.0.0.1 at Sat Mar 05 15:32:48 +0530 2011
  Processing by TaskItemsController#show as HTML
  Parameters: {"id"=>"4"}
  [1m[36mUser Load (0.3ms)[0m  [1mSELECT "users".* FROM "users" WHERE "users"."id" = 2 LIMIT 1[0m
  [1m[35mTaskItem Load (0.3ms)[0m  SELECT "task_items".* FROM "task_items" WHERE "task_items"."id" = 4 LIMIT 1
Rendered task_items/show.html.erb within layouts/application (13.2ms)
Completed 200 OK in 113ms (Views: 20.0ms | ActiveRecord: 0.6ms)


Started GET "/task_items" for 127.0.0.1 at Sat Mar 05 15:35:34 +0530 2011
  Processing by TaskItemsController#index as HTML
  [1m[36mUser Load (0.4ms)[0m  [1mSELECT "users".* FROM "users" WHERE "users"."id" = 2 LIMIT 1[0m
  [1m[35mTaskItem Load (0.4ms)[0m  SELECT "task_items".* FROM "task_items" WHERE ("task_items".user_id = 2)
Rendered task_items/index.html.erb within layouts/application (18.0ms)
Completed 200 OK in 55ms (Views: 24.0ms | ActiveRecord: 0.7ms)


Started GET "/task_items/4" for 127.0.0.1 at Sat Mar 05 15:35:35 +0530 2011
  Processing by TaskItemsController#show as HTML
  Parameters: {"id"=>"4"}
  [1m[36mUser Load (0.3ms)[0m  [1mSELECT "users".* FROM "users" WHERE "users"."id" = 2 LIMIT 1[0m
  [1m[35mTaskItem Load (0.3ms)[0m  SELECT "task_items".* FROM "task_items" WHERE "task_items"."id" = 4 LIMIT 1
Rendered task_items/show.html.erb within layouts/application (11.8ms)
Completed 200 OK in 48ms (Views: 18.1ms | ActiveRecord: 0.5ms)


Started GET "/task_items/4" for 127.0.0.1 at Sat Mar 05 15:35:49 +0530 2011
  Processing by TaskItemsController#show as HTML
  Parameters: {"id"=>"4"}
  [1m[36mUser Load (0.3ms)[0m  [1mSELECT "users".* FROM "users" WHERE "users"."id" = 2 LIMIT 1[0m
  [1m[35mTaskItem Load (0.3ms)[0m  SELECT "task_items".* FROM "task_items" WHERE "task_items"."id" = 4 LIMIT 1
Rendered task_items/show.html.erb within layouts/application (12.4ms)
Completed 200 OK in 51ms (Views: 18.9ms | ActiveRecord: 0.6ms)


Started GET "/task_items/4" for 127.0.0.1 at Sat Mar 05 15:35:50 +0530 2011
  Processing by TaskItemsController#show as HTML
  Parameters: {"id"=>"4"}
  [1m[36mUser Load (0.3ms)[0m  [1mSELECT "users".* FROM "users" WHERE "users"."id" = 2 LIMIT 1[0m
  [1m[35mTaskItem Load (0.3ms)[0m  SELECT "task_items".* FROM "task_items" WHERE "task_items"."id" = 4 LIMIT 1
Rendered task_items/show.html.erb within layouts/application (12.1ms)
Completed 200 OK in 48ms (Views: 18.3ms | ActiveRecord: 0.5ms)


Started GET "/task_items/4" for 127.0.0.1 at Sat Mar 05 15:35:50 +0530 2011
  Processing by TaskItemsController#show as HTML
  Parameters: {"id"=>"4"}
  [1m[36mUser Load (0.3ms)[0m  [1mSELECT "users".* FROM "users" WHERE "users"."id" = 2 LIMIT 1[0m
  [1m[35mTaskItem Load (0.3ms)[0m  SELECT "task_items".* FROM "task_items" WHERE "task_items"."id" = 4 LIMIT 1
Rendered task_items/show.html.erb within layouts/application (13.0ms)
Completed 200 OK in 113ms (Views: 20.1ms | ActiveRecord: 0.6ms)


Started GET "/task_items/5" for 127.0.0.1 at Sat Mar 05 15:36:20 +0530 2011
  Processing by TaskItemsController#show as HTML
  Parameters: {"id"=>"5"}
  [1m[36mUser Load (0.3ms)[0m  [1mSELECT "users".* FROM "users" WHERE "users"."id" = 2 LIMIT 1[0m
  [1m[35mTaskItem Load (0.3ms)[0m  SELECT "task_items".* FROM "task_items" WHERE "task_items"."id" = 5 LIMIT 1
Rendered task_items/show.html.erb within layouts/application (12.2ms)
Completed 200 OK in 50ms (Views: 18.5ms | ActiveRecord: 0.6ms)


Started GET "/task_items/5" for 127.0.0.1 at Sat Mar 05 15:37:20 +0530 2011
  Processing by TaskItemsController#show as HTML
  Parameters: {"id"=>"5"}
  [1m[36mUser Load (0.3ms)[0m  [1mSELECT "users".* FROM "users" WHERE "users"."id" = 2 LIMIT 1[0m
  [1m[35mTaskItem Load (0.3ms)[0m  SELECT "task_items".* FROM "task_items" WHERE "task_items"."id" = 5 LIMIT 1
Rendered task_items/show.html.erb within layouts/application (11.8ms)
Completed 200 OK in 48ms (Views: 18.1ms | ActiveRecord: 0.5ms)


Started GET "/task_items/5/edit" for 127.0.0.1 at Sat Mar 05 15:37:29 +0530 2011
  Processing by TaskItemsController#edit as HTML
  Parameters: {"id"=>"5"}
  [1m[36mUser Load (0.3ms)[0m  [1mSELECT "users".* FROM "users" WHERE "users"."id" = 2 LIMIT 1[0m
  [1m[35mTaskItem Load (0.3ms)[0m  SELECT "task_items".* FROM "task_items" WHERE "task_items"."id" = 5 LIMIT 1
Rendered task_items/_form.html.erb (21.1ms)
Rendered task_items/edit.html.erb within layouts/application (27.6ms)
Completed 200 OK in 66ms (Views: 33.9ms | ActiveRecord: 0.6ms)


Started POST "/task_items/5" for 127.0.0.1 at Sat Mar 05 15:37:37 +0530 2011
  Processing by TaskItemsController#update as HTML
  Parameters: {"commit"=>"Update Task item", "task_item"=>{"start_date(1i)"=>"2011", "end_date(3i)"=>"1", "start_date(2i)"=>"3", "title"=>"The very new task by Vinay.", "start_date(3i)"=>"1", "priority"=>"medium", "user_id"=>"2", "total_hours_of_work"=>"75", "summary"=>"Yeah! tell me anything that you want me to do. really? No! right now I don't have anything for you. So come tomorrow!. What do you think that I am free for you always. Yeah I believe that it is. Okay then I am not coming tomorrow do whatever u want to do. Its totally your wish. Okay Gud bbye. Hey wait wait I was just kidding. Please take this. and do your work. bbye.", "end_date(1i)"=>"2011", "status"=>"12", "end_date(2i)"=>"4"}, "authenticity_token"=>"Ni04x+wh537wv7Yhz0VM+MMx2e8pHUn6YstG+eXnAF0=", "utf8"=>"✓", "id"=>"5"}
  [1m[36mUser Load (0.3ms)[0m  [1mSELECT "users".* FROM "users" WHERE "users"."id" = 2 LIMIT 1[0m
  [1m[35mTaskItem Load (0.3ms)[0m  SELECT "task_items".* FROM "task_items" WHERE "task_items"."id" = 5 LIMIT 1
  [1m[36mAREL (0.4ms)[0m  [1mUPDATE "task_items" SET "status" = '12', "updated_at" = '2011-03-05 10:07:37.149049' WHERE "task_items"."id" = 5[0m
Redirected to http://localhost:3000/task_items/5
Completed 302 Found in 118ms


Started GET "/task_items/5" for 127.0.0.1 at Sat Mar 05 15:37:37 +0530 2011
  Processing by TaskItemsController#show as HTML
  Parameters: {"id"=>"5"}
  [1m[35mUser Load (0.3ms)[0m  SELECT "users".* FROM "users" WHERE "users"."id" = 2 LIMIT 1
  [1m[36mTaskItem Load (0.3ms)[0m  [1mSELECT "task_items".* FROM "task_items" WHERE "task_items"."id" = 5 LIMIT 1[0m
Rendered task_items/show.html.erb within layouts/application (13.2ms)
Completed 200 OK in 112ms (Views: 20.0ms | ActiveRecord: 0.6ms)


Started GET "/users/2" for 127.0.0.1 at Sat Mar 05 15:39:05 +0530 2011
  Processing by UsersController#show as HTML
  Parameters: {"id"=>"2"}
  [1m[35mUser Load (0.3ms)[0m  SELECT "users".* FROM "users" WHERE "users"."id" = 2 LIMIT 1
Rendered users/show.html.erb within layouts/application (4.5ms)
Completed 200 OK in 34ms (Views: 10.8ms | ActiveRecord: 0.3ms)


Started GET "/task_items" for 127.0.0.1 at Sat Mar 05 15:39:08 +0530 2011
  Processing by TaskItemsController#index as HTML
  [1m[36mUser Load (0.3ms)[0m  [1mSELECT "users".* FROM "users" WHERE "users"."id" = 2 LIMIT 1[0m
  [1m[35mTaskItem Load (0.4ms)[0m  SELECT "task_items".* FROM "task_items" WHERE ("task_items".user_id = 2)
Rendered task_items/index.html.erb within layouts/application (17.3ms)
Completed 200 OK in 53ms (Views: 23.2ms | ActiveRecord: 0.6ms)


Started GET "/task_items/5" for 127.0.0.1 at Sat Mar 05 15:39:10 +0530 2011
  Processing by TaskItemsController#show as HTML
  Parameters: {"id"=>"5"}
  [1m[36mUser Load (0.3ms)[0m  [1mSELECT "users".* FROM "users" WHERE "users"."id" = 2 LIMIT 1[0m
  [1m[35mTaskItem Load (0.3ms)[0m  SELECT "task_items".* FROM "task_items" WHERE "task_items"."id" = 5 LIMIT 1
Rendered task_items/show.html.erb within layouts/application (12.3ms)
Completed 200 OK in 51ms (Views: 18.8ms | ActiveRecord: 0.6ms)


Started GET "/task_items" for 127.0.0.1 at Sat Mar 05 15:39:42 +0530 2011
  Processing by TaskItemsController#index as HTML
  [1m[36mUser Load (0.3ms)[0m  [1mSELECT "users".* FROM "users" WHERE "users"."id" = 2 LIMIT 1[0m
  [1m[35mTaskItem Load (0.4ms)[0m  SELECT "task_items".* FROM "task_items" WHERE ("task_items".user_id = 2)
Rendered task_items/index.html.erb within layouts/application (17.6ms)
Completed 200 OK in 54ms (Views: 23.6ms | ActiveRecord: 0.7ms)


Started GET "/task_items/5" for 127.0.0.1 at Sat Mar 05 15:39:45 +0530 2011
  Processing by TaskItemsController#show as HTML
  Parameters: {"id"=>"5"}
  [1m[36mUser Load (0.3ms)[0m  [1mSELECT "users".* FROM "users" WHERE "users"."id" = 2 LIMIT 1[0m
  [1m[35mTaskItem Load (0.3ms)[0m  SELECT "task_items".* FROM "task_items" WHERE "task_items"."id" = 5 LIMIT 1
Rendered task_items/show.html.erb within layouts/application (13.3ms)
Completed 200 OK in 114ms (Views: 20.1ms | ActiveRecord: 0.6ms)


Started GET "/task_items" for 127.0.0.1 at Sat Mar 05 15:40:05 +0530 2011
  Processing by TaskItemsController#index as HTML
  [1m[36mUser Load (0.3ms)[0m  [1mSELECT "users".* FROM "users" WHERE "users"."id" = 2 LIMIT 1[0m
  [1m[35mTaskItem Load (0.4ms)[0m  SELECT "task_items".* FROM "task_items" WHERE ("task_items".user_id = 2)
Rendered task_items/index.html.erb within layouts/application (17.6ms)
Completed 200 OK in 54ms (Views: 23.6ms | ActiveRecord: 0.7ms)


Started GET "/task_items/5" for 127.0.0.1 at Sat Mar 05 15:40:07 +0530 2011
  Processing by TaskItemsController#show as HTML
  Parameters: {"id"=>"5"}
  [1m[36mUser Load (0.3ms)[0m  [1mSELECT "users".* FROM "users" WHERE "users"."id" = 2 LIMIT 1[0m
  [1m[35mTaskItem Load (0.3ms)[0m  SELECT "task_items".* FROM "task_items" WHERE "task_items"."id" = 5 LIMIT 1
Rendered task_items/show.html.erb within layouts/application (11.8ms)
Completed 200 OK in 48ms (Views: 18.0ms | ActiveRecord: 0.5ms)


Started GET "/task_items" for 127.0.0.1 at Sat Mar 05 15:40:26 +0530 2011
  Processing by TaskItemsController#index as HTML
  [1m[36mUser Load (0.3ms)[0m  [1mSELECT "users".* FROM "users" WHERE "users"."id" = 2 LIMIT 1[0m
  [1m[35mTaskItem Load (0.4ms)[0m  SELECT "task_items".* FROM "task_items" WHERE ("task_items".user_id = 2)
Rendered task_items/index.html.erb within layouts/application (17.9ms)
Completed 200 OK in 56ms (Views: 23.9ms | ActiveRecord: 0.7ms)


Started GET "/task_items/5" for 127.0.0.1 at Sat Mar 05 15:40:28 +0530 2011
  Processing by TaskItemsController#show as HTML
  Parameters: {"id"=>"5"}
  [1m[36mUser Load (0.3ms)[0m  [1mSELECT "users".* FROM "users" WHERE "users"."id" = 2 LIMIT 1[0m
  [1m[35mTaskItem Load (0.3ms)[0m  SELECT "task_items".* FROM "task_items" WHERE "task_items"."id" = 5 LIMIT 1
Rendered task_items/show.html.erb within layouts/application (12.1ms)
Completed 200 OK in 49ms (Views: 18.4ms | ActiveRecord: 0.5ms)


Started GET "/task_items/5" for 127.0.0.1 at Sat Mar 05 15:40:49 +0530 2011
  Processing by TaskItemsController#show as HTML
  Parameters: {"id"=>"5"}
  [1m[36mUser Load (0.3ms)[0m  [1mSELECT "users".* FROM "users" WHERE "users"."id" = 2 LIMIT 1[0m
  [1m[35mTaskItem Load (0.3ms)[0m  SELECT "task_items".* FROM "task_items" WHERE "task_items"."id" = 5 LIMIT 1
Rendered task_items/show.html.erb within layouts/application (12.7ms)
Completed 200 OK in 53ms (Views: 19.3ms | ActiveRecord: 0.6ms)


Started GET "/task_items" for 127.0.0.1 at Sat Mar 05 15:40:51 +0530 2011
  Processing by TaskItemsController#index as HTML
  [1m[36mUser Load (0.3ms)[0m  [1mSELECT "users".* FROM "users" WHERE "users"."id" = 2 LIMIT 1[0m
  [1m[35mTaskItem Load (0.4ms)[0m  SELECT "task_items".* FROM "task_items" WHERE ("task_items".user_id = 2)
Rendered task_items/index.html.erb within layouts/application (17.6ms)
Completed 200 OK in 54ms (Views: 23.5ms | ActiveRecord: 0.7ms)


Started GET "/task_items/5" for 127.0.0.1 at Sat Mar 05 15:40:52 +0530 2011
  Processing by TaskItemsController#show as HTML
  Parameters: {"id"=>"5"}
  [1m[36mUser Load (0.3ms)[0m  [1mSELECT "users".* FROM "users" WHERE "users"."id" = 2 LIMIT 1[0m
  [1m[35mTaskItem Load (0.3ms)[0m  SELECT "task_items".* FROM "task_items" WHERE "task_items"."id" = 5 LIMIT 1
Rendered task_items/show.html.erb within layouts/application (13.0ms)
Completed 200 OK in 113ms (Views: 19.9ms | ActiveRecord: 0.6ms)


Started GET "/task_items" for 127.0.0.1 at Sat Mar 05 15:40:56 +0530 2011
  Processing by TaskItemsController#index as HTML
  [1m[36mUser Load (0.3ms)[0m  [1mSELECT "users".* FROM "users" WHERE "users"."id" = 2 LIMIT 1[0m
  [1m[35mTaskItem Load (0.4ms)[0m  SELECT "task_items".* FROM "task_items" WHERE ("task_items".user_id = 2)
Rendered task_items/index.html.erb within layouts/application (17.8ms)
Completed 200 OK in 55ms (Views: 23.8ms | ActiveRecord: 0.7ms)


Started GET "/task_items/5" for 127.0.0.1 at Sat Mar 05 15:40:58 +0530 2011
  Processing by TaskItemsController#show as HTML
  Parameters: {"id"=>"5"}
  [1m[36mUser Load (0.3ms)[0m  [1mSELECT "users".* FROM "users" WHERE "users"."id" = 2 LIMIT 1[0m
  [1m[35mTaskItem Load (0.3ms)[0m  SELECT "task_items".* FROM "task_items" WHERE "task_items"."id" = 5 LIMIT 1
Rendered task_items/show.html.erb within layouts/application (11.9ms)
Completed 200 OK in 48ms (Views: 18.2ms | ActiveRecord: 0.5ms)


Started GET "/task_items/5" for 127.0.0.1 at Sat Mar 05 15:41:31 +0530 2011
  Processing by TaskItemsController#show as HTML
  Parameters: {"id"=>"5"}
  [1m[36mUser Load (0.3ms)[0m  [1mSELECT "users".* FROM "users" WHERE "users"."id" = 2 LIMIT 1[0m
  [1m[35mTaskItem Load (0.3ms)[0m  SELECT "task_items".* FROM "task_items" WHERE "task_items"."id" = 5 LIMIT 1
Rendered task_items/show.html.erb within layouts/application (12.5ms)
Completed 200 OK in 52ms (Views: 19.1ms | ActiveRecord: 0.6ms)


Started GET "/task_items/5" for 127.0.0.1 at Sat Mar 05 15:42:16 +0530 2011
  Processing by TaskItemsController#show as HTML
  Parameters: {"id"=>"5"}
  [1m[36mUser Load (0.3ms)[0m  [1mSELECT "users".* FROM "users" WHERE "users"."id" = 2 LIMIT 1[0m
  [1m[35mTaskItem Load (0.3ms)[0m  SELECT "task_items".* FROM "task_items" WHERE "task_items"."id" = 5 LIMIT 1
Rendered task_items/show.html.erb within layouts/application (12.2ms)
Completed 200 OK in 49ms (Views: 18.6ms | ActiveRecord: 0.6ms)


Started GET "/task_items/5" for 127.0.0.1 at Sat Mar 05 15:42:37 +0530 2011
  Processing by TaskItemsController#show as HTML
  Parameters: {"id"=>"5"}
  [1m[36mUser Load (0.3ms)[0m  [1mSELECT "users".* FROM "users" WHERE "users"."id" = 2 LIMIT 1[0m
  [1m[35mTaskItem Load (0.3ms)[0m  SELECT "task_items".* FROM "task_items" WHERE "task_items"."id" = 5 LIMIT 1
Rendered task_items/show.html.erb within layouts/application (13.2ms)
Completed 200 OK in 113ms (Views: 20.1ms | ActiveRecord: 0.6ms)


Started GET "/task_items" for 127.0.0.1 at Sat Mar 05 15:46:07 +0530 2011
  Processing by TaskItemsController#index as HTML
  [1m[36mUser Load (0.3ms)[0m  [1mSELECT "users".* FROM "users" WHERE "users"."id" = 2 LIMIT 1[0m
  [1m[35mTaskItem Load (0.4ms)[0m  SELECT "task_items".* FROM "task_items" WHERE ("task_items".user_id = 2)
Rendered task_items/index.html.erb within layouts/application (17.4ms)
Completed 200 OK in 54ms (Views: 23.5ms | ActiveRecord: 0.7ms)


Started GET "/task_items/5" for 127.0.0.1 at Sat Mar 05 15:46:09 +0530 2011
  Processing by TaskItemsController#show as HTML
  Parameters: {"id"=>"5"}
  [1m[36mUser Load (0.3ms)[0m  [1mSELECT "users".* FROM "users" WHERE "users"."id" = 2 LIMIT 1[0m
  [1m[35mTaskItem Load (0.3ms)[0m  SELECT "task_items".* FROM "task_items" WHERE "task_items"."id" = 5 LIMIT 1
Rendered task_items/show.html.erb within layouts/application (11.8ms)
Completed 200 OK in 48ms (Views: 18.1ms | ActiveRecord: 0.5ms)


Started GET "/task_items" for 127.0.0.1 at Sat Mar 05 15:46:45 +0530 2011
  Processing by TaskItemsController#index as HTML
  [1m[36mUser Load (0.3ms)[0m  [1mSELECT "users".* FROM "users" WHERE "users"."id" = 2 LIMIT 1[0m
  [1m[35mTaskItem Load (0.4ms)[0m  SELECT "task_items".* FROM "task_items" WHERE ("task_items".user_id = 2)
Rendered task_items/index.html.erb within layouts/application (17.9ms)
Completed 200 OK in 56ms (Views: 24.0ms | ActiveRecord: 0.7ms)


Started GET "/task_items/5" for 127.0.0.1 at Sat Mar 05 15:46:47 +0530 2011
  Processing by TaskItemsController#show as HTML
  Parameters: {"id"=>"5"}
  [1m[36mUser Load (0.3ms)[0m  [1mSELECT "users".* FROM "users" WHERE "users"."id" = 2 LIMIT 1[0m
  [1m[35mTaskItem Load (0.3ms)[0m  SELECT "task_items".* FROM "task_items" WHERE "task_items"."id" = 5 LIMIT 1
Rendered task_items/show.html.erb within layouts/application (12.0ms)
Completed 200 OK in 49ms (Views: 18.2ms | ActiveRecord: 0.6ms)


Started GET "/users/sign_out" for 127.0.0.1 at Sat Mar 05 15:46:50 +0530 2011
  Processing by Devise::SessionsController#destroy as HTML
  [1m[36mUser Load (0.3ms)[0m  [1mSELECT "users".* FROM "users" WHERE "users"."id" = 2 LIMIT 1[0m
  [1m[35mAREL (0.3ms)[0m  UPDATE "users" SET "updated_at" = '2011-03-05 10:16:50.179751', "remember_token" = NULL, "remember_created_at" = NULL WHERE "users"."id" = 2
Redirected to http://localhost:3000/
Completed 302 Found in 114ms


Started GET "/" for 127.0.0.1 at Sat Mar 05 15:46:50 +0530 2011
  Processing by TaskItemsController#index as HTML
Completed   in 12ms


Started GET "/users/sign_in" for 127.0.0.1 at Sat Mar 05 15:46:50 +0530 2011
  Processing by Devise::SessionsController#new as HTML
Rendered devise/shared/_links.erb (1.9ms)
Rendered devise/sessions/new.html.erb within layouts/application (12.1ms)
Completed 200 OK in 39ms (Views: 18.7ms | ActiveRecord: 0.0ms)


Started GET "/users/sign_up" for 127.0.0.1 at Sat Mar 05 15:47:01 +0530 2011
  Processing by Devise::RegistrationsController#new as HTML
Rendered devise/shared/_links.erb (2.2ms)
Rendered devise/registrations/new.html.erb within layouts/application (87.8ms)
Completed 200 OK in 107ms (Views: 94.6ms | ActiveRecord: 0.0ms)


Started GET "/users/sign_in" for 127.0.0.1 at Sat Mar 05 15:47:04 +0530 2011
  Processing by Devise::SessionsController#new as HTML
Rendered devise/shared/_links.erb (1.9ms)
Rendered devise/sessions/new.html.erb within layouts/application (12.5ms)
Completed 200 OK in 40ms (Views: 19.3ms | ActiveRecord: 0.0ms)


Started GET "/users/sign_in" for 127.0.0.1 at Sat Mar 05 15:47:06 +0530 2011
  Processing by Devise::SessionsController#new as HTML
Rendered devise/shared/_links.erb (1.8ms)
Rendered devise/sessions/new.html.erb within layouts/application (11.6ms)
Completed 200 OK in 38ms (Views: 18.0ms | ActiveRecord: 0.0ms)


Started GET "/users/sign_up" for 127.0.0.1 at Sat Mar 05 15:47:07 +0530 2011
  Processing by Devise::RegistrationsController#new as HTML
Rendered devise/shared/_links.erb (2.2ms)
Rendered devise/registrations/new.html.erb within layouts/application (21.8ms)
Completed 200 OK in 44ms (Views: 28.7ms | ActiveRecord: 0.0ms)


Started POST "/users" for 127.0.0.1 at Sat Mar 05 15:47:22 +0530 2011
  Processing by Devise::RegistrationsController#create as HTML
  Parameters: {"commit"=>"Sign up", "authenticity_token"=>"Ni04x+wh537wv7Yhz0VM+MMx2e8pHUn6YstG+eXnAF0=", "utf8"=>"✓", "user"=>{"name"=>"vinay", "password_confirmation"=>"[FILTERED]", "password"=>"[FILTERED]", "email"=>"vinay"}}
WARNING: Can't mass-assign protected attributes: name
  [1m[36mUser Load (0.2ms)[0m  [1mSELECT "users"."id" FROM "users" WHERE (LOWER("users"."email") = LOWER('vinay')) LIMIT 1[0m
Rendered devise/shared/_links.erb (1.9ms)
Rendered devise/registrations/new.html.erb within layouts/application (13.6ms)
Completed 200 OK in 168ms (Views: 20.3ms | ActiveRecord: 0.2ms)


Started POST "/users" for 127.0.0.1 at Sat Mar 05 15:47:36 +0530 2011
  Processing by Devise::RegistrationsController#create as HTML
  Parameters: {"commit"=>"Sign up", "authenticity_token"=>"Ni04x+wh537wv7Yhz0VM+MMx2e8pHUn6YstG+eXnAF0=", "utf8"=>"✓", "user"=>{"name"=>"vinay", "password_confirmation"=>"[FILTERED]", "password"=>"[FILTERED]", "email"=>"vinay@gmail.com"}}
WARNING: Can't mass-assign protected attributes: name
  [1m[35mUser Load (0.2ms)[0m  SELECT "users"."id" FROM "users" WHERE (LOWER("users"."email") = LOWER('vinay@gmail.com')) LIMIT 1
Rendered devise/shared/_links.erb (2.1ms)
Rendered devise/registrations/new.html.erb within layouts/application (14.8ms)
Completed 200 OK in 108ms (Views: 21.8ms | ActiveRecord: 0.2ms)


Started POST "/users" for 127.0.0.1 at Sat Mar 05 15:47:56 +0530 2011
  Processing by Devise::RegistrationsController#create as HTML
  Parameters: {"commit"=>"Sign up", "authenticity_token"=>"Ni04x+wh537wv7Yhz0VM+MMx2e8pHUn6YstG+eXnAF0=", "utf8"=>"✓", "user"=>{"name"=>"vinay", "password_confirmation"=>"[FILTERED]", "password"=>"[FILTERED]", "email"=>"vinay@gmail.com"}}
WARNING: Can't mass-assign protected attributes: name
  [1m[36mUser Load (0.2ms)[0m  [1mSELECT "users"."id" FROM "users" WHERE (LOWER("users"."email") = LOWER('vinay@gmail.com')) LIMIT 1[0m
  [1m[35mAREL (0.3ms)[0m  INSERT INTO "users" ("reset_password_token", "remember_token", "sign_in_count", "last_sign_in_ip", "updated_at", "current_sign_in_ip", "current_sign_in_at", "email", "remember_created_at", "created_at", "encrypted_password", "last_sign_in_at", "name", "password_salt") VALUES (NULL, NULL, 0, NULL, '2011-03-05 10:17:57.120660', NULL, NULL, 'vinay@gmail.com', NULL, '2011-03-05 10:17:57.120660', '$2a$10$yMrwKhuPKHuiG9inL9G5eu16i0axhKAkVrAlO4Y.tu9GlgoHnxhWm', NULL, NULL, '$2a$10$yMrwKhuPKHuiG9inL9G5eu')
  [1m[36mAREL (0.3ms)[0m  [1mUPDATE "users" SET "sign_in_count" = 1, "last_sign_in_ip" = '127.0.0.1', "updated_at" = '2011-03-05 10:17:57.213139', "current_sign_in_ip" = '127.0.0.1', "current_sign_in_at" = '2011-03-05 10:17:57.212594', "last_sign_in_at" = '2011-03-05 10:17:57.212594' WHERE "users"."id" = 3[0m
Redirected to http://localhost:3000/
Completed 302 Found in 315ms


Started GET "/" for 127.0.0.1 at Sat Mar 05 15:47:57 +0530 2011
  Processing by TaskItemsController#index as HTML
  [1m[35mUser Load (0.3ms)[0m  SELECT "users".* FROM "users" WHERE "users"."id" = 3 LIMIT 1
  [1m[36mTaskItem Load (0.3ms)[0m  [1mSELECT "task_items".* FROM "task_items" WHERE ("task_items".user_id = 3)[0m
Rendered task_items/index.html.erb within layouts/application (6.3ms)
Completed 200 OK in 42ms (Views: 12.2ms | ActiveRecord: 0.5ms)


Started GET "/users/3" for 127.0.0.1 at Sat Mar 05 15:48:01 +0530 2011
  Processing by UsersController#show as HTML
  Parameters: {"id"=>"3"}
  [1m[35mUser Load (0.3ms)[0m  SELECT "users".* FROM "users" WHERE "users"."id" = 3 LIMIT 1
Rendered users/show.html.erb within layouts/application (5.3ms)
Completed 200 OK in 100ms (Views: 11.9ms | ActiveRecord: 0.3ms)


Started GET "/task_items" for 127.0.0.1 at Sat Mar 05 15:48:04 +0530 2011
  Processing by TaskItemsController#index as HTML
  [1m[36mUser Load (0.4ms)[0m  [1mSELECT "users".* FROM "users" WHERE "users"."id" = 3 LIMIT 1[0m
  [1m[35mTaskItem Load (0.3ms)[0m  SELECT "task_items".* FROM "task_items" WHERE ("task_items".user_id = 3)
Rendered task_items/index.html.erb within layouts/application (6.6ms)
Completed 200 OK in 45ms (Views: 12.9ms | ActiveRecord: 0.6ms)


Started GET "/task_items/new" for 127.0.0.1 at Sat Mar 05 15:48:12 +0530 2011
  Processing by TaskItemsController#new as HTML
  [1m[36mUser Load (0.3ms)[0m  [1mSELECT "users".* FROM "users" WHERE "users"."id" = 3 LIMIT 1[0m
Rendered task_items/_form.html.erb (19.2ms)
Rendered task_items/new.html.erb within layouts/application (24.9ms)
Completed 200 OK in 60ms (Views: 31.3ms | ActiveRecord: 0.3ms)


Started POST "/task_items" for 127.0.0.1 at Sat Mar 05 15:48:44 +0530 2011
  Processing by TaskItemsController#create as HTML
  Parameters: {"commit"=>"Create Task item", "task_item"=>{"start_date(1i)"=>"2011", "end_date(3i)"=>"5", "start_date(2i)"=>"3", "title"=>"hello world", "start_date(3i)"=>"5", "priority"=>"High", "user_id"=>"3", "total_hours_of_work"=>"1", "summary"=>"I am greeting the world!!", "end_date(1i)"=>"2011", "status"=>"completed", "end_date(2i)"=>"3"}, "authenticity_token"=>"Ni04x+wh537wv7Yhz0VM+MMx2e8pHUn6YstG+eXnAF0=", "utf8"=>"✓"}
  [1m[35mUser Load (0.4ms)[0m  SELECT "users".* FROM "users" WHERE "users"."id" = 3 LIMIT 1
  [1m[36mAREL (0.3ms)[0m  [1mINSERT INTO "task_items" ("status", "end_date", "summary", "updated_at", "user_id", "priority", "title", "created_at", "total_hours_of_work", "start_date") VALUES ('completed', '2011-03-05', 'I am greeting the world!!', '2011-03-05 10:18:44.152348', 3, 'High', 'hello world', '2011-03-05 10:18:44.152348', 1, '2011-03-05')[0m
Redirected to http://localhost:3000/task_items/6
Completed 302 Found in 143ms


Started GET "/task_items/6" for 127.0.0.1 at Sat Mar 05 15:48:44 +0530 2011
  Processing by TaskItemsController#show as HTML
  Parameters: {"id"=>"6"}
  [1m[35mUser Load (0.3ms)[0m  SELECT "users".* FROM "users" WHERE "users"."id" = 3 LIMIT 1
  [1m[36mTaskItem Load (0.3ms)[0m  [1mSELECT "task_items".* FROM "task_items" WHERE "task_items"."id" = 6 LIMIT 1[0m
Rendered task_items/show.html.erb within layouts/application (12.3ms)
Completed 200 OK in 51ms (Views: 18.7ms | ActiveRecord: 0.6ms)


Started GET "/task_items" for 127.0.0.1 at Sat Mar 05 15:48:55 +0530 2011
  Processing by TaskItemsController#index as HTML
  [1m[35mUser Load (0.3ms)[0m  SELECT "users".* FROM "users" WHERE "users"."id" = 3 LIMIT 1
  [1m[36mTaskItem Load (0.4ms)[0m  [1mSELECT "task_items".* FROM "task_items" WHERE ("task_items".user_id = 3)[0m
Rendered task_items/index.html.erb within layouts/application (79.8ms)
Completed 200 OK in 115ms (Views: 85.8ms | ActiveRecord: 0.7ms)


Started GET "/task_items/6" for 127.0.0.1 at Sat Mar 05 15:48:57 +0530 2011
  Processing by TaskItemsController#show as HTML
  Parameters: {"id"=>"6"}
  [1m[35mUser Load (0.3ms)[0m  SELECT "users".* FROM "users" WHERE "users"."id" = 3 LIMIT 1
  [1m[36mTaskItem Load (0.3ms)[0m  [1mSELECT "task_items".* FROM "task_items" WHERE "task_items"."id" = 6 LIMIT 1[0m
Rendered task_items/show.html.erb within layouts/application (12.5ms)
Completed 200 OK in 51ms (Views: 18.9ms | ActiveRecord: 0.6ms)


Started GET "/task_items" for 127.0.0.1 at Sat Mar 05 15:49:00 +0530 2011
  Processing by TaskItemsController#index as HTML
  [1m[35mUser Load (0.3ms)[0m  SELECT "users".* FROM "users" WHERE "users"."id" = 3 LIMIT 1
  [1m[36mTaskItem Load (0.3ms)[0m  [1mSELECT "task_items".* FROM "task_items" WHERE ("task_items".user_id = 3)[0m
Rendered task_items/index.html.erb within layouts/application (15.2ms)
Completed 200 OK in 51ms (Views: 21.2ms | ActiveRecord: 0.6ms)
